This is pdfTeX, Version 3.14159265-2.6-1.40.17 (TeX Live 2016) (preloaded format=pdflatex 2016.5.22)  28 DEC 2016 22:23
entering extended mode
 restricted \write18 enabled.
 %&-line parsing enabled.
**heatlod_final.tex
(./heatlod_final.tex
LaTeX2e <2016/03/31>
Babel <3.9r> and hyphenation patterns for 83 language(s) loaded.
(/usr/local/texlive/2016/texmf-dist/tex/latex/base/article.cls
Document Class: article 2014/09/29 v1.4h Standard LaTeX document class
(/usr/local/texlive/2016/texmf-dist/tex/latex/base/size11.clo
File: size11.clo 2014/09/29 v1.4h Standard LaTeX file (size option)
)
\c@part=\count79
\c@section=\count80
\c@subsection=\count81
\c@subsubsection=\count82
\c@paragraph=\count83
\c@subparagraph=\count84
\c@figure=\count85
\c@table=\count86
\abovecaptionskip=\skip41
\belowcaptionskip=\skip42
\bibindent=\dimen102
)
(/usr/local/texlive/2016/texmf-dist/tex/latex/graphics/graphicx.sty
Package: graphicx 2014/10/28 v1.0g Enhanced LaTeX Graphics (DPC,SPQR)

(/usr/local/texlive/2016/texmf-dist/tex/latex/graphics/keyval.sty
Package: keyval 2014/10/28 v1.15 key=value parser (DPC)
\KV@toks@=\toks14
)
(/usr/local/texlive/2016/texmf-dist/tex/latex/graphics/graphics.sty
Package: graphics 2016/05/09 v1.0r Standard LaTeX Graphics (DPC,SPQR)

(/usr/local/texlive/2016/texmf-dist/tex/latex/graphics/trig.sty
Package: trig 2016/01/03 v1.10 sin cos tan (DPC)
)
(/usr/local/texlive/2016/texmf-dist/tex/latex/graphics-cfg/graphics.cfg
File: graphics.cfg 2016/01/02 v1.10 sample graphics configuration
)
Package graphics Info: Driver file: pdftex.def on input line 96.

(/usr/local/texlive/2016/texmf-dist/tex/latex/pdftex-def/pdftex.def
File: pdftex.def 2011/05/27 v0.06d Graphics/color for pdfTeX

(/usr/local/texlive/2016/texmf-dist/tex/generic/oberdiek/infwarerr.sty
Package: infwarerr 2016/05/16 v1.4 Providing info/warning/error messages (HO)
)
(/usr/local/texlive/2016/texmf-dist/tex/generic/oberdiek/ltxcmds.sty
Package: ltxcmds 2016/05/16 v1.23 LaTeX kernel commands for general use (HO)
)
\Gread@gobject=\count87
))
\Gin@req@height=\dimen103
\Gin@req@width=\dimen104
)
(/usr/local/texlive/2016/texmf-dist/tex/latex/graphics/color.sty
Package: color 2016/05/09 v1.1c Standard LaTeX Color (DPC)

(/usr/local/texlive/2016/texmf-dist/tex/latex/graphics-cfg/color.cfg
File: color.cfg 2016/01/02 v1.6 sample color configuration
)
Package color Info: Driver file: pdftex.def on input line 144.
)
(/usr/local/texlive/2016/texmf-dist/tex/latex/framed/framed.sty
Package: framed 2011/10/22 v 0.96: framed or shaded text with page breaks
\OuterFrameSep=\skip43
\fb@frw=\dimen105
\fb@frh=\dimen106
\FrameRule=\dimen107
\FrameSep=\dimen108
)
(/usr/local/texlive/2016/texmf-dist/tex/latex/base/alltt.sty
Package: alltt 1997/06/16 v2.0g defines alltt environment
)
(/usr/local/texlive/2016/texmf-dist/tex/latex/preprint/fullpage.sty
Package: fullpage 1999/02/23 1.1 (PWD)
\FP@margin=\skip44
)
(/usr/local/texlive/2016/texmf-dist/tex/latex/float/float.sty
Package: float 2001/11/08 v1.3d Float enhancements (AL)
\c@float@type=\count88
\float@exts=\toks15
\float@box=\box26
\@float@everytoks=\toks16
\@floatcapt=\box27
)
(/usr/local/texlive/2016/texmf-dist/tex/latex/amsmath/amsmath.sty
Package: amsmath 2016/03/10 v2.15b AMS math features
\@mathmargin=\skip45

For additional information on amsmath, use the `?' option.
(/usr/local/texlive/2016/texmf-dist/tex/latex/amsmath/amstext.sty
Package: amstext 2000/06/29 v2.01 AMS text

(/usr/local/texlive/2016/texmf-dist/tex/latex/amsmath/amsgen.sty
File: amsgen.sty 1999/11/30 v2.0 generic functions
\@emptytoks=\toks17
\ex@=\dimen109
))
(/usr/local/texlive/2016/texmf-dist/tex/latex/amsmath/amsbsy.sty
Package: amsbsy 1999/11/29 v1.2d Bold Symbols
\pmbraise@=\dimen110
)
(/usr/local/texlive/2016/texmf-dist/tex/latex/amsmath/amsopn.sty
Package: amsopn 2016/03/08 v2.02 operator names
)
\inf@bad=\count89
LaTeX Info: Redefining \frac on input line 199.
\uproot@=\count90
\leftroot@=\count91
LaTeX Info: Redefining \overline on input line 297.
\classnum@=\count92
\DOTSCASE@=\count93
LaTeX Info: Redefining \ldots on input line 394.
LaTeX Info: Redefining \dots on input line 397.
LaTeX Info: Redefining \cdots on input line 518.
\Mathstrutbox@=\box28
\strutbox@=\box29
\big@size=\dimen111
LaTeX Font Info:    Redeclaring font encoding OML on input line 634.
LaTeX Font Info:    Redeclaring font encoding OMS on input line 635.
\macc@depth=\count94
\c@MaxMatrixCols=\count95
\dotsspace@=\muskip10
\c@parentequation=\count96
\dspbrk@lvl=\count97
\tag@help=\toks18
\row@=\count98
\column@=\count99
\maxfields@=\count100
\andhelp@=\toks19
\eqnshift@=\dimen112
\alignsep@=\dimen113
\tagshift@=\dimen114
\tagwidth@=\dimen115
\totwidth@=\dimen116
\lineht@=\dimen117
\@envbody=\toks20
\multlinegap=\skip46
\multlinetaggap=\skip47
\mathdisplay@stack=\toks21
LaTeX Info: Redefining \[ on input line 2739.
LaTeX Info: Redefining \] on input line 2740.
)
(/usr/local/texlive/2016/texmf-dist/tex/latex/enumitem/enumitem.sty
Package: enumitem 2011/09/28 v3.5.2 Customized lists
\labelindent=\skip48
\enit@outerparindent=\dimen118
\enit@toks=\toks22
\enit@inbox=\box30
\enitdp@description=\count101
)
(/usr/local/texlive/2016/texmf-dist/tex/latex/hyperref/hyperref.sty
Package: hyperref 2016/05/05 v6.83n Hypertext links for LaTeX

(/usr/local/texlive/2016/texmf-dist/tex/generic/oberdiek/hobsub-hyperref.sty
Package: hobsub-hyperref 2016/05/16 v1.14 Bundle oberdiek, subset hyperref (HO)


(/usr/local/texlive/2016/texmf-dist/tex/generic/oberdiek/hobsub-generic.sty
Package: hobsub-generic 2016/05/16 v1.14 Bundle oberdiek, subset generic (HO)
Package: hobsub 2016/05/16 v1.14 Construct package bundles (HO)
Package hobsub Info: Skipping package `infwarerr' (already loaded).
Package hobsub Info: Skipping package `ltxcmds' (already loaded).
Package: ifluatex 2016/05/16 v1.4 Provides the ifluatex switch (HO)
Package ifluatex Info: LuaTeX not detected.
Package: ifvtex 2016/05/16 v1.6 Detect VTeX and its facilities (HO)
Package ifvtex Info: VTeX not detected.
Package: intcalc 2016/05/16 v1.2 Expandable calculations with integers (HO)
Package: ifpdf 2016/05/14 v3.1 Provides the ifpdf switch
Package: etexcmds 2016/05/16 v1.6 Avoid name clashes with e-TeX commands (HO)
Package etexcmds Info: Could not find \expanded.
(etexcmds)             That can mean that you are not using pdfTeX 1.50 or
(etexcmds)             that some package has redefined \expanded.
(etexcmds)             In the latter case, load this package earlier.
Package: kvsetkeys 2016/05/16 v1.17 Key value parser (HO)
Package: kvdefinekeys 2016/05/16 v1.4 Define keys (HO)
Package: pdftexcmds 2016/05/10 v0.21 Utility functions of pdfTeX for LuaTeX (HO
)
Package pdftexcmds Info: LuaTeX not detected.
Package pdftexcmds Info: \pdf@primitive is available.
Package pdftexcmds Info: \pdf@ifprimitive is available.
Package pdftexcmds Info: \pdfdraftmode found.
Package: pdfescape 2016/05/16 v1.14 Implements pdfTeX's escape features (HO)
Package: bigintcalc 2016/05/16 v1.4 Expandable calculations on big integers (HO
)
Package: bitset 2016/05/16 v1.2 Handle bit-vector datatype (HO)
Package: uniquecounter 2016/05/16 v1.3 Provide unlimited unique counter (HO)
)
Package hobsub Info: Skipping package `hobsub' (already loaded).
Package: letltxmacro 2016/05/16 v1.5 Let assignment for LaTeX macros (HO)
Package: hopatch 2016/05/16 v1.3 Wrapper for package hooks (HO)
Package: xcolor-patch 2016/05/16 xcolor patch
Package: atveryend 2016/05/16 v1.9 Hooks at the very end of document (HO)
Package atveryend Info: \enddocument detected (standard20110627).
Package: atbegshi 2016/05/16 v1.17 At begin shipout hook (HO)
Package: refcount 2016/05/16 v3.5 Data extraction from label references (HO)
Package: hycolor 2016/05/16 v1.8 Color options for hyperref/bookmark (HO)
)
(/usr/local/texlive/2016/texmf-dist/tex/generic/ifxetex/ifxetex.sty
Package: ifxetex 2010/09/12 v0.6 Provides ifxetex conditional
)
(/usr/local/texlive/2016/texmf-dist/tex/latex/oberdiek/auxhook.sty
Package: auxhook 2016/05/16 v1.4 Hooks for auxiliary files (HO)
)
(/usr/local/texlive/2016/texmf-dist/tex/latex/oberdiek/kvoptions.sty
Package: kvoptions 2016/05/16 v3.12 Key value format for package options (HO)
)
\@linkdim=\dimen119
\Hy@linkcounter=\count102
\Hy@pagecounter=\count103

(/usr/local/texlive/2016/texmf-dist/tex/latex/hyperref/pd1enc.def
File: pd1enc.def 2016/05/05 v6.83n Hyperref: PDFDocEncoding definition (HO)
)
\Hy@SavedSpaceFactor=\count104

(/usr/local/texlive/2016/texmf-dist/tex/latex/latexconfig/hyperref.cfg
File: hyperref.cfg 2002/06/06 v1.2 hyperref configuration of TeXLive
)
Package hyperref Info: Hyper figures OFF on input line 4446.
Package hyperref Info: Link nesting OFF on input line 4451.
Package hyperref Info: Hyper index ON on input line 4454.
Package hyperref Info: Plain pages OFF on input line 4461.
Package hyperref Info: Backreferencing OFF on input line 4466.
Package hyperref Info: Implicit mode ON; LaTeX internals redefined.
Package hyperref Info: Bookmarks ON on input line 4691.
\c@Hy@tempcnt=\count105

(/usr/local/texlive/2016/texmf-dist/tex/latex/url/url.sty
\Urlmuskip=\muskip11
Package: url 2013/09/16  ver 3.4  Verb mode for urls, etc.
)
LaTeX Info: Redefining \url on input line 5044.
\XeTeXLinkMargin=\dimen120
\Fld@menulength=\count106
\Field@Width=\dimen121
\Fld@charsize=\dimen122
Package hyperref Info: Hyper figures OFF on input line 6298.
Package hyperref Info: Link nesting OFF on input line 6303.
Package hyperref Info: Hyper index ON on input line 6306.
Package hyperref Info: backreferencing OFF on input line 6313.
Package hyperref Info: Link coloring OFF on input line 6318.
Package hyperref Info: Link coloring with OCG OFF on input line 6323.
Package hyperref Info: PDF/A mode OFF on input line 6328.
LaTeX Info: Redefining \ref on input line 6368.
LaTeX Info: Redefining \pageref on input line 6372.
\Hy@abspage=\count107
\c@Item=\count108
\c@Hfootnote=\count109
)

Package hyperref Message: Driver (autodetected): hpdftex.

(/usr/local/texlive/2016/texmf-dist/tex/latex/hyperref/hpdftex.def
File: hpdftex.def 2016/05/05 v6.83n Hyperref driver for pdfTeX
\Fld@listcount=\count110
\c@bookmark@seq@number=\count111

(/usr/local/texlive/2016/texmf-dist/tex/latex/oberdiek/rerunfilecheck.sty
Package: rerunfilecheck 2016/05/16 v1.8 Rerun checks for auxiliary files (HO)
Package uniquecounter Info: New unique counter `rerunfilecheck' on input line 2
82.
)
\Hy@SectionHShift=\skip49
)
(/usr/local/texlive/2016/texmf-dist/tex/latex/fancyhdr/fancyhdr.sty
\fancy@headwidth=\skip50
\f@ncyO@elh=\skip51
\f@ncyO@erh=\skip52
\f@ncyO@olh=\skip53
\f@ncyO@orh=\skip54
\f@ncyO@elf=\skip55
\f@ncyO@erf=\skip56
\f@ncyO@olf=\skip57
\f@ncyO@orf=\skip58
)
(/usr/local/texlive/2016/texmf-dist/tex/latex/upquote/upquote.sty
Package: upquote 2012/04/19 v1.3 upright-quote and grave-accent glyphs in verba
tim
)
(./heatlod_final.aux)
\openout1 = `heatlod_final.aux'.

LaTeX Font Info:    Checking defaults for OML/cmm/m/it on input line 69.
LaTeX Font Info:    ... okay on input line 69.
LaTeX Font Info:    Checking defaults for T1/cmr/m/n on input line 69.
LaTeX Font Info:    ... okay on input line 69.
LaTeX Font Info:    Checking defaults for OT1/cmr/m/n on input line 69.
LaTeX Font Info:    ... okay on input line 69.
LaTeX Font Info:    Checking defaults for OMS/cmsy/m/n on input line 69.
LaTeX Font Info:    ... okay on input line 69.
LaTeX Font Info:    Checking defaults for OMX/cmex/m/n on input line 69.
LaTeX Font Info:    ... okay on input line 69.
LaTeX Font Info:    Checking defaults for U/cmr/m/n on input line 69.
LaTeX Font Info:    ... okay on input line 69.
LaTeX Font Info:    Checking defaults for PD1/pdf/m/n on input line 69.
LaTeX Font Info:    ... okay on input line 69.

(/usr/local/texlive/2016/texmf-dist/tex/context/base/mkii/supp-pdf.mkii
[Loading MPS to PDF converter (version 2006.09.02).]
\scratchcounter=\count112
\scratchdimen=\dimen123
\scratchbox=\box31
\nofMPsegments=\count113
\nofMParguments=\count114
\everyMPshowfont=\toks23
\MPscratchCnt=\count115
\MPscratchDim=\dimen124
\MPnumerator=\count116
\makeMPintoPDFobject=\count117
\everyMPtoPDFconversion=\toks24
) (/usr/local/texlive/2016/texmf-dist/tex/latex/oberdiek/epstopdf-base.sty
Package: epstopdf-base 2016/05/15 v2.6 Base part for package epstopdf

(/usr/local/texlive/2016/texmf-dist/tex/latex/oberdiek/grfext.sty
Package: grfext 2016/05/16 v1.2 Manage graphics extensions (HO)
)
Package grfext Info: Graphics extension search list:
(grfext)             [.png,.pdf,.jpg,.mps,.jpeg,.jbig2,.jb2,.PNG,.PDF,.JPG,.JPE
G,.JBIG2,.JB2,.eps]
(grfext)             \AppendGraphicsExtensions on input line 456.

(/usr/local/texlive/2016/texmf-dist/tex/latex/latexconfig/epstopdf-sys.cfg
File: epstopdf-sys.cfg 2010/07/13 v1.3 Configuration of (r)epstopdf for TeX Liv
e
))
\AtBeginShipoutBox=\box32
Package hyperref Info: Link coloring OFF on input line 69.

(/usr/local/texlive/2016/texmf-dist/tex/latex/hyperref/nameref.sty
Package: nameref 2012/10/27 v2.43 Cross-referencing by name of section

(/usr/local/texlive/2016/texmf-dist/tex/generic/oberdiek/gettitlestring.sty
Package: gettitlestring 2016/05/16 v1.5 Cleanup title references (HO)
)
\c@section@level=\count118
)
LaTeX Info: Redefining \ref on input line 69.
LaTeX Info: Redefining \pageref on input line 69.
LaTeX Info: Redefining \nameref on input line 69.

(./heatlod_final.out) (./heatlod_final.out)
\@outlinefile=\write3
\openout3 = `heatlod_final.out'.

LaTeX Font Info:    Try loading font information for OMS+cmr on input line 81.

(/usr/local/texlive/2016/texmf-dist/tex/latex/base/omscmr.fd
File: omscmr.fd 2014/09/29 v2.5h Standard LaTeX font definitions
)
LaTeX Font Info:    Font shape `OMS/cmr/m/n' in size <10.95> not available
(Font)              Font shape `OMS/cmsy/m/n' tried instead on input line 81.
 [1

{/usr/local/texlive/2016/texmf-var/fonts/map/pdftex/updmap/pdftex.map}] [2]
Package color Info: Redefining color shadecolor on input line 105.

<figure/merged-1.pdf, id=94, 505.89pt x 433.62pt>
File: figure/merged-1.pdf Graphic file (type pdf)
 <use figure/merged-1.pdf>
Package pdftex.def Info: figure/merged-1.pdf used on input line 107.
(pdftex.def)             Requested size: 469.75502pt x 402.65372pt.

[3 <./figure/merged-1.pdf>]
Package color Info: Redefining color shadecolor on input line 122.
 <figure/bz-1.pdf, id=105, 505.89pt x 505.89pt>
File: figure/bz-1.pdf Graphic file (type pdf)

<use figure/bz-1.pdf>
Package pdftex.def Info: figure/bz-1.pdf used on input line 124.
(pdftex.def)             Requested size: 469.75502pt x 469.76265pt.
Package color Info: Redefining color shadecolor on input line 133.
 <figure/nextchunk-1.pdf, id=106, 469.755pt x 289.08pt>
File: figure/nextchunk-1.pdf Graphic file (type pdf)

<use figure/nextchunk-1.pdf>
Package pdftex.def Info: figure/nextchunk-1.pdf used on input line 135.
(pdftex.def)             Requested size: 469.75386pt x 289.07928pt.

<figure/nextchunk-2.pdf, id=107, 469.755pt x 289.08pt> [4 <./figure/bz-1.pdf>]
File: figure/nextchunk-2.pdf Graphic file (type pdf)

<use figure/nextchunk-2.pdf>
Package pdftex.def Info: figure/nextchunk-2.pdf used on input line 142.
(pdftex.def)             Requested size: 469.75386pt x 289.07928pt.
 [5 <./figure/nextchunk-1.pdf> <./figure/nextchunk-2.pdf>]
Package color Info: Redefining color shadecolor on input line 156.
 <figure/moc-1.pdf, id=134, 505.89pt x 289.08pt>
File: figure/moc-1.pdf Graphic file (type pdf)
 <use figure/moc-1.pdf>
Package pdftex.def Info: figure/moc-1.pdf used on input line 158.
(pdftex.def)             Requested size: 469.75502pt x 268.43579pt.

[6 <./figure/moc-1.pdf>]
Package color Info: Redefining color shadecolor on input line 169.
 <figure/Moc15-1.pdf, id=145, 578.16pt x 505.89pt>
File: figure/Moc15-1.pdf Graphic file (type pdf)

<use figure/Moc15-1.pdf>
Package pdftex.def Info: figure/Moc15-1.pdf used on input line 171.
(pdftex.def)             Requested size: 469.75502pt x 411.0346pt.
 <figure/Moc15-2.pdf, id=146, 578.16pt x 505.89pt>
File: figure/Moc15-2.pdf Graphic file (type pdf)

<use figure/Moc15-2.pdf>
Package pdftex.def Info: figure/Moc15-2.pdf used on input line 178.
(pdftex.def)             Requested size: 469.75502pt x 411.0346pt.
 [7 <./figure/Moc15-1.pdf>] [8 <./figure/Moc15-2.pdf>]
Package color Info: Redefining color shadecolor on input line 201.

<figure/meanvars-1.pdf, id=169, 469.755pt x 289.08pt>
File: figure/meanvars-1.pdf Graphic file (type pdf)

<use figure/meanvars-1.pdf>
Package pdftex.def Info: figure/meanvars-1.pdf used on input line 203.
(pdftex.def)             Requested size: 469.75386pt x 289.07928pt.
Package color Info: Redefining color shadecolor on input line 215.
 [9 <./figure/meanvars-1.pdf>]
<figure/tables-1.pdf, id=180, 469.755pt x 289.08pt>
File: figure/tables-1.pdf Graphic file (type pdf)
 <use figure/tables-1.pdf>
Package pdftex.def Info: figure/tables-1.pdf used on input line 217.
(pdftex.def)             Requested size: 469.75386pt x 289.07928pt.

[10 <./figure/tables-1.pdf>]
<RegressionResults.png, id=191, 417.05812pt x 180.675pt>
File: RegressionResults.png Graphic file (type png)

<use RegressionResults.png>
Package pdftex.def Info: RegressionResults.png used on input line 231.
(pdftex.def)             Requested size: 325.215pt x 140.89558pt.
Package color Info: Redefining color shadecolor on input line 235.
 <figure/tukey-1.pdf, id=192, 469.755pt x 289.08pt>
File: figure/tukey-1.pdf Graphic file (type pdf)

<use figure/tukey-1.pdf>
Package pdftex.def Info: figure/tukey-1.pdf used on input line 237.
(pdftex.def)             Requested size: 469.75386pt x 289.07928pt.
 [11 <./RegressionResults.png>] [12 <./figure/tukey-1.pdf>]
Package color Info: Redefining color shadecolor on input line 257.
 <figure/missing_plot-1.pdf, id=207, 469.755pt x 289.08pt>
File: figure/missing_plot-1.pdf Graphic file (type pdf)

<use figure/missing_plot-1.pdf>
Package pdftex.def Info: figure/missing_plot-1.pdf used on input line 259.
(pdftex.def)             Requested size: 469.75386pt x 289.07928pt.
 [13 <./figure/missing_plot-1.pdf>]
Package color Info: Redefining color shadecolor on input line 278.

<figure/missing_plot25-1.pdf, id=219, 469.755pt x 542.025pt>
File: figure/missing_plot25-1.pdf Graphic file (type pdf)

<use figure/missing_plot25-1.pdf>
Package pdftex.def Info: figure/missing_plot25-1.pdf used on input line 280.
(pdftex.def)             Requested size: 469.75386pt x 542.02367pt.
 [14 <./figure/missing_plot25-1.pdf>]
Package color Info: Redefining color shadecolor on input line 291.

<figure/missing_plot30-1.pdf, id=229, 469.755pt x 578.16pt>
File: figure/missing_plot30-1.pdf Graphic file (type pdf)

<use figure/missing_plot30-1.pdf>
Package pdftex.def Info: figure/missing_plot30-1.pdf used on input line 293.
(pdftex.def)             Requested size: 469.75386pt x 578.15858pt.
 [15 <./figure/missing_plot30-1.pdf>]
Package color Info: Redefining color shadecolor on input line 305.

<figure/missing_plot35-1.pdf, id=239, 469.755pt x 578.16pt>
File: figure/missing_plot35-1.pdf Graphic file (type pdf)

<use figure/missing_plot35-1.pdf>
Package pdftex.def Info: figure/missing_plot35-1.pdf used on input line 307.
(pdftex.def)             Requested size: 469.75386pt x 578.15858pt.
 [16 <./figure/missing_plot35-1.pdf>]
Package color Info: Redefining color shadecolor on input line 319.

<figure/missing_plot40-1.pdf, id=249, 469.755pt x 578.16pt>
File: figure/missing_plot40-1.pdf Graphic file (type pdf)

<use figure/missing_plot40-1.pdf>
Package pdftex.def Info: figure/missing_plot40-1.pdf used on input line 321.
(pdftex.def)             Requested size: 469.75386pt x 578.15858pt.
 [17 <./figure/missing_plot40-1.pdf>] [18]
[19]
Overfull \hbox (0.41458pt too wide) in paragraph at lines 369--370
 []\OT1/cmr/m/n/10.95 Broman and Sen. 2009. \OT1/cmr/m/it/10.95 A guide to QTL 
map-ping with R/QTL\OT1/cmr/m/n/10.95 . New York: Spring Sci-ence+Business
 []

[20]
Overfull \hbox (6.9649pt too wide) in paragraph at lines 426--427
 [][] 
 []


Overfull \hbox (29.09308pt too wide) in paragraph at lines 441--442
 [][] 
 []


Overfull \hbox (7.87741pt too wide) in paragraph at lines 516--517
 [][] 
 []


Overfull \hbox (6.5847pt too wide) in paragraph at lines 531--532
 [][] 
 []

[21] [22] [23]
Package atveryend Info: Empty hook `BeforeClearDocument' on input line 1059.
 [24]
Package atveryend Info: Empty hook `AfterLastShipout' on input line 1059.
 (./heatlod_final.aux)
Package atveryend Info: Executing hook `AtVeryEndDocument' on input line 1059.
Package atveryend Info: Executing hook `AtEndAfterFileList' on input line 1059.

Package rerunfilecheck Info: File `heatlod_final.out' has not changed.
(rerunfilecheck)             Checksum: 700EDA56DB4C461F25E348945C2A6A64;1320.
Package atveryend Info: Empty hook `AtVeryVeryEnd' on input line 1059.
 ) 
Here is how much of TeX's memory you used:
 6435 strings out of 493014
 94705 string characters out of 6133351
 233593 words of memory out of 5000000
 9843 multiletter control sequences out of 15000+600000
 10522 words of font info for 38 fonts, out of 8000000 for 9000
 1141 hyphenation exceptions out of 8191
 29i,12n,43p,1291b,489s stack positions out of 5000i,500n,10000p,200000b,80000s
</usr/local/texlive/2016/texmf-dist/fonts/type1/public/amsfonts/cm/cmbx10.pfb
></usr/local/texlive/2016/texmf-dist/fonts/type1/public/amsfonts/cm/cmbx12.pfb>
</usr/local/texlive/2016/texmf-dist/fonts/type1/public/amsfonts/cm/cmmi10.pfb><
/usr/local/texlive/2016/texmf-dist/fonts/type1/public/amsfonts/cm/cmmi6.pfb></u
sr/local/texlive/2016/texmf-dist/fonts/type1/public/amsfonts/cm/cmmi8.pfb></usr
/local/texlive/2016/texmf-dist/fonts/type1/public/amsfonts/cm/cmr10.pfb></usr/l
ocal/texlive/2016/texmf-dist/fonts/type1/public/amsfonts/cm/cmr12.pfb></usr/loc
al/texlive/2016/texmf-dist/fonts/type1/public/amsfonts/cm/cmr17.pfb></usr/local
/texlive/2016/texmf-dist/fonts/type1/public/amsfonts/cm/cmr6.pfb></usr/local/te
xlive/2016/texmf-dist/fonts/type1/public/amsfonts/cm/cmr8.pfb></usr/local/texli
ve/2016/texmf-dist/fonts/type1/public/amsfonts/cm/cmsy10.pfb></usr/local/texliv
e/2016/texmf-dist/fonts/type1/public/amsfonts/cm/cmsy8.pfb></usr/local/texlive/
2016/texmf-dist/fonts/type1/public/amsfonts/cm/cmti10.pfb></usr/local/texlive/2
016/texmf-dist/fonts/type1/public/amsfonts/cm/cmtt10.pfb>
Output written on heatlod_final.pdf (24 pages, 1592208 bytes).
PDF statistics:
 359 PDF objects out of 1000 (max. 8388607)
 285 compressed objects within 3 object streams
 47 named destinations out of 1000 (max. 500000)
 233 words of extra memory for PDF output out of 10000 (max. 10000000)

